Calling Home Page Function
[2016-03-30 10:40:05,006] INFO [accounts.views:14] Calling Home Page Function
[2016-03-30 10:40:24,184] INFO [accounts.views:24] Calling Login Page Function
[2016-03-30 10:40:28,682] INFO [accounts.views:29] Calling login Function
[2016-03-30 10:40:37,823] INFO [accounts.views:29] Calling login Function
[2016-03-30 10:40:40,443] INFO [accounts.views:72] Calling Create User Function
[2016-03-30 10:40:43,495] INFO [accounts.views:19] Calling Admin Page Function
[2016-03-30 10:40:47,742] INFO [accounts.views:116] Calling Edit User Function
[2016-03-30 10:40:51,338] INFO [accounts.views:123] Calling Edit User Function
[2016-03-30 10:40:53,969] INFO [accounts.views:19] Calling Admin Page Function
[2016-03-30 10:45:03,572] INFO views 7224 5564 [accounts.views:72] Calling Create User Function
[2016-03-30 10:45:09,352] INFO views 7224 4188 [accounts.views:19] Calling Admin Page Function
[2016-03-30 10:45:43,382] INFO views 7224 6020 [accounts.views:72] Calling Create User Function
[2016-03-30 10:47:34,840] INFO views 2852 6044 [accounts.views:77] Calling Register User Function
[2016-03-30 10:47:34,873] INFO views 2852 6044 [accounts.views:77] Calling Register User Function
[2016-03-30 10:47:34,959] INFO views 2852 6044 [accounts.views:14] Calling Home Page Function
[2016-03-30 10:47:34,991] INFO views 2852 6044 [accounts.views:29] Calling login Function
[2016-03-30 10:47:35,023] INFO views 2852 6044 [accounts.views:77] Calling Register User Function
[2016-03-30 10:47:48,295] INFO views 7124 3992 [accounts.views:77] Calling Register User Function
[2016-03-30 10:47:48,331] INFO views 7124 3992 [accounts.views:77] Calling Register User Function
[2016-03-30 10:47:48,375] INFO views 7124 3992 [accounts.views:14] Calling Home Page Function
[2016-03-30 10:47:48,408] INFO views 7124 3992 [accounts.views:29] Calling login Function
[2016-03-30 10:47:48,441] INFO views 7124 3992 [accounts.views:77] Calling Register User Function
